[2025-10-30 08:38:23,092] multiqc                                            [DEBUG  ]  This is MultiQC v1.19
[2025-10-30 08:38:23,092] multiqc                                            [DEBUG  ]  Command used: /usr/local/bin/multiqc -o multiqc .
[2025-10-30 08:38:23,496] multiqc                                            [WARNING]  MultiQC Version v1.32 now available!
[2025-10-30 08:38:23,497] multiqc                                            [DEBUG  ]  Working dir : /home/snook/peterolu-giab-parity-nextflow/pipeline/work/54/bf0f9194e73b575808a5763f7555dc
[2025-10-30 08:38:23,497] multiqc                                            [DEBUG  ]  Template    : default
[2025-10-30 08:38:23,497] multiqc                                            [DEBUG  ]  Running Python 3.11.7 | packaged by conda-forge | (main, Dec 15 2023, 08:38:37) [GCC 12.3.0]
[2025-10-30 08:38:23,497] multiqc                                            [DEBUG  ]  Analysing modules: custom_content, ccs, ngsderive, purple, conpair, lima, peddy, somalier, methylQA, mosdepth, phantompeakqualtools, qualimap, preseq, hifiasm, quast, qorts, rna_seqc, rockhopper, rsem, rseqc, busco, bustools, goleft_indexcov, gffcompare, disambiguate, supernova, deeptools, sargasso, verifybamid, mirtrace, happy, mirtop, sambamba, gopeaks, homer, hops, macs2, theta2, snpeff, gatk, htseq, bcftools, featureCounts, fgbio, dragen, dragen_fastqc, dedup, pbmarkdup, damageprofiler, mapdamage, biobambam2, jcvi, mtnucratio, picard, vep, bakta, prokka, qc3C, nanostat, samblaster, samtools, sexdeterrmine, seqera_cli, eigenstratdatabasetools, bamtools, jellyfish, vcftools, longranger, stacks, varscan2, snippy, umitools, truvari, bbmap, bismark, biscuit, diamond, hicexplorer, hicup, hicpro, salmon, kallisto, slamdunk, star, hisat2, tophat, bowtie2, bowtie1, cellranger, snpsplit, odgi, pangolin, nextclade, freyja, humid, kat, leehom, librarian, adapterRemoval, bbduk, clipandmerge, cutadapt, flexbar, sourmash, kaiju, bracken, kraken, malt, motus, trimmomatic, sickle, skewer, sortmerna, biobloomtools, fastq_screen, afterqc, fastp, fastqc, filtlong, prinseqplusplus, pychopper, porechop, pycoqc, minionqc, anglerfish, multivcfanalyzer, clusterflow, checkqc, bcl2fastq, bclconvert, interop, ivar, flash, seqyclean, optitype, whatshap, xenome, xengsort
[2025-10-30 08:38:23,498] multiqc                                            [DEBUG  ]  Using temporary directory for creating report: /tmp/tmpuomma4ip
[2025-10-30 08:38:23,503] multiqc                                            [INFO   ]  Search path : /home/snook/peterolu-giab-parity-nextflow/pipeline/work/54/bf0f9194e73b575808a5763f7555dc
[2025-10-30 08:38:23,552] multiqc                                            [DEBUG  ]  Summary of files that were skipped by the search: [skipped_module_specific_max_filesize: 28] // [skipped_no_match: 8]
[2025-10-30 08:38:24,719] multiqc.plots.bargraph                             [DEBUG  ]  Using matplotlib version 3.8.2
[2025-10-30 08:38:24,725] multiqc.plots.linegraph                            [DEBUG  ]  Using matplotlib version 3.8.2
[2025-10-30 08:38:24,728] multiqc                                            [DEBUG  ]  No samples found: custom_content
[2025-10-30 08:38:24,745] multiqc.modules.samtools.samtools                  [INFO   ]  Found 1 stats reports
[2025-10-30 08:38:24,748] multiqc.modules.samtools.samtools                  [INFO   ]  Found 1 flagstat reports
[2025-10-30 08:38:24,760] multiqc.modules.fastqc.fastqc                      [INFO   ]  Found 2 reports
[2025-10-30 08:38:24,778] multiqc.utils.software_versions                    [DEBUG  ]  Reading software versions from config.software_versions
[2025-10-30 08:38:24,785] multiqc                                            [DEBUG  ]  Compressing plot data
[2025-10-30 08:38:24,801] multiqc                                            [INFO   ]  Report      : multiqc/multiqc_report.html
[2025-10-30 08:38:24,801] multiqc                                            [INFO   ]  Data        : multiqc/multiqc_data
[2025-10-30 08:38:24,801] multiqc                                            [DEBUG  ]  Moving data file from '/tmp/tmpuomma4ip/multiqc_data' to 'multiqc/multiqc_data'
[2025-10-30 08:38:24,804] multiqc                                            [DEBUG  ]  Full report path: /home/snook/peterolu-giab-parity-nextflow/pipeline/work/54/bf0f9194e73b575808a5763f7555dc/multiqc/multiqc_report.html
[2025-10-30 08:38:24,916] multiqc                                            [INFO   ]  MultiQC complete
