Oct-30 06:36:49.456 [main] DEBUG nextflow.cli.Launcher - $> nextflow run main.nf --outdir ../results/local
Oct-30 06:36:49.615 [main] DEBUG nextflow.cli.CmdRun - N E X T F L O W  ~  version 25.10.0
Oct-30 06:36:49.708 [main] DEBUG nextflow.config.ConfigBuilder - Found config local: /home/snook/peterolu-giab-parity-nextflow/pipeline/nextflow.config
Oct-30 06:36:49.714 [main] DEBUG nextflow.config.ConfigBuilder - Parsing config file: /home/snook/peterolu-giab-parity-nextflow/pipeline/nextflow.config
Oct-30 06:36:49.768 [main] DEBUG nextflow.config.ConfigBuilder - Applying config profile: `standard`
Oct-30 06:36:50.630 [main] DEBUG nextflow.plugin.PluginsFacade - Setting up plugin manager > mode=prod; embedded=false; plugins-dir=/home/snook/.nextflow/plugins; core-plugins: nf-amazon@3.4.1,nf-azure@1.20.2,nf-cloudcache@0.5.0,nf-codecommit@0.5.0,nf-console@1.3.0,nf-google@1.23.3,nf-k8s@1.2.2,nf-tower@1.17.1,nf-wave@1.16.1
Oct-30 06:36:50.651 [main] INFO  o.pf4j.DefaultPluginStatusProvider - Enabled plugins: []
Oct-30 06:36:50.652 [main] INFO  o.pf4j.DefaultPluginStatusProvider - Disabled plugins: []
Oct-30 06:36:50.658 [main] INFO  org.pf4j.DefaultPluginManager - PF4J version 3.12.0 in 'deployment' mode
Oct-30 06:36:50.684 [main] DEBUG nextflow.util.RetryConfig - Missing nextflow session - using default retry config
Oct-30 06:36:50.981 [main] INFO  org.pf4j.AbstractPluginManager - No plugins
Oct-30 06:36:50.983 [main] DEBUG nextflow.plugin.PluginsFacade - Plugins default=[]
Oct-30 06:36:50.983 [main] DEBUG nextflow.plugin.PluginsFacade - Plugins resolved requirement=[]
Oct-30 06:36:51.019 [main] DEBUG n.secret.LocalSecretsProvider - Secrets store: /home/snook/.nextflow/secrets/store.json
Oct-30 06:36:51.026 [main] DEBUG nextflow.secret.SecretsLoader - Discovered secrets providers: [nextflow.secret.LocalSecretsProvider@5478ce1e] - activable => nextflow.secret.LocalSecretsProvider@5478ce1e
Oct-30 06:36:51.030 [main] DEBUG nextflow.cli.CmdRun - Applied DSL=2 from script declaration
Oct-30 06:36:51.060 [main] DEBUG nextflow.cli.CmdRun - Launching `main.nf` [soggy_cori] DSL2 - revision: c09517efbd
Oct-30 06:36:51.167 [main] DEBUG nextflow.Session - Session UUID: fe5a5f2f-510a-4e6a-a720-860879be4ac3
Oct-30 06:36:51.168 [main] DEBUG nextflow.Session - Run name: soggy_cori
Oct-30 06:36:51.169 [main] DEBUG nextflow.Session - Executor pool size: 8
Oct-30 06:36:51.182 [main] DEBUG nextflow.file.FilePorter - File porter settings maxRetries=3; maxTransfers=50; pollTimeout=null
Oct-30 06:36:51.192 [main] DEBUG nextflow.util.ThreadPoolBuilder - Creating thread pool 'FileTransfer' minSize=10; maxSize=24; workQueue=LinkedBlockingQueue[-1]; allowCoreThreadTimeout=false
Oct-30 06:36:51.249 [main] DEBUG nextflow.cli.CmdRun - 
  Version: 25.10.0 build 10289
  Created: 22-10-2025 16:26 UTC (17:26 WAST)
  System: Linux 6.6.87.2-microsoft-standard-WSL2
  Runtime: Groovy 4.0.28 on OpenJDK 64-Bit Server VM 17.0.16+8-Ubuntu-0ubuntu124.04.1
  Encoding: UTF-8 (UTF-8)
  Process: 654@SNOOKS4TECH [127.0.1.1]
  CPUs: 8 - Mem: 7.7 GB (6.6 GB) - Swap: 2 GB (2 GB)
Oct-30 06:36:51.281 [main] DEBUG nextflow.Session - Work-dir: /home/snook/peterolu-giab-parity-nextflow/pipeline/work [ext2/ext3]
Oct-30 06:36:51.282 [main] DEBUG nextflow.Session - Script base path does not exist or is not a directory: /home/snook/peterolu-giab-parity-nextflow/pipeline/bin
Oct-30 06:36:51.299 [main] DEBUG nextflow.executor.ExecutorFactory - Extension executors providers=[]
Oct-30 06:36:51.315 [main] DEBUG nextflow.Session - Observer factory (v2): LinObserverFactory
Oct-30 06:36:51.321 [main] DEBUG nextflow.Session - Observer factory (v2): DefaultObserverFactory
Oct-30 06:36:51.403 [main] DEBUG nextflow.cache.CacheFactory - Using Nextflow cache factory: nextflow.cache.DefaultCacheFactory
Oct-30 06:36:51.422 [main] DEBUG nextflow.util.CustomThreadPool - Creating default thread pool > poolSize: 9; maxThreads: 1000
Oct-30 06:36:51.585 [main] DEBUG nextflow.Session - Session start
Oct-30 06:36:51.873 [main] DEBUG nextflow.script.ScriptRunner - > Launching execution
Oct-30 06:36:52.002 [main] DEBUG nextflow.executor.ExecutorFactory - << taskConfig executor: local
Oct-30 06:36:52.003 [main] DEBUG nextflow.executor.ExecutorFactory - >> processorType: 'local'
Oct-30 06:36:52.027 [main] DEBUG nextflow.executor.Executor - [warm up] executor > local
Oct-30 06:36:52.037 [main] DEBUG n.processor.LocalPollingMonitor - Creating local task monitor for executor 'local' > cpus=8; memory=7.7 GB; capacity=8; pollInterval=100ms; dumpInterval=5m
Oct-30 06:36:52.044 [main] DEBUG n.processor.TaskPollingMonitor - >>> barrier register (monitor: local)
Oct-30 06:36:52.089 [main] DEBUG nextflow.processor.TaskProcessor - Creating process 'HELLO': maxForks=0; fair=false; array=0
Oct-30 06:36:52.211 [main] DEBUG nextflow.Session - Workflow process names [dsl2]: HELLO
Oct-30 06:36:52.215 [main] DEBUG nextflow.Session - Igniting dataflow network (1)
Oct-30 06:36:52.216 [main] DEBUG nextflow.processor.TaskProcessor - Starting process > HELLO
Oct-30 06:36:52.219 [main] DEBUG nextflow.script.ScriptRunner - Parsed script files:
  Script_cc622e33a14bd597: /home/snook/peterolu-giab-parity-nextflow/pipeline/main.nf
Oct-30 06:36:52.219 [main] DEBUG nextflow.script.ScriptRunner - > Awaiting termination 
Oct-30 06:36:52.219 [main] DEBUG nextflow.Session - Session await
Oct-30 06:36:52.476 [Task submitter] DEBUG n.executor.local.LocalTaskHandler - Launch cmd line: /bin/bash -ue .command.run
Oct-30 06:36:52.480 [Task submitter] INFO  nextflow.Session - [24/8a4849] Submitted process > HELLO
Oct-30 06:36:52.512 [Task monitor] DEBUG n.processor.TaskPollingMonitor - Task completed > TaskHandler[id: 1; name: HELLO; status: COMPLETED; exit: 0; error: -; workDir: /home/snook/peterolu-giab-parity-nextflow/pipeline/work/24/8a4849abce4fd0759c8f5dc3f51a46]
Oct-30 06:36:52.514 [Task monitor] DEBUG nextflow.util.ThreadPoolBuilder - Creating thread pool 'TaskFinalizer' minSize=10; maxSize=24; workQueue=LinkedBlockingQueue[-1]; allowCoreThreadTimeout=false
Oct-30 06:36:52.562 [main] DEBUG nextflow.Session - Session await > all processes finished
Oct-30 06:36:52.603 [Task monitor] DEBUG n.processor.TaskPollingMonitor - <<< barrier arrives (monitor: local) - terminating tasks monitor poll loop
Oct-30 06:36:52.603 [main] DEBUG nextflow.Session - Session await > all barriers passed
Oct-30 06:36:52.607 [main] DEBUG nextflow.util.ThreadPoolManager - Thread pool 'TaskFinalizer' shutdown completed (hard=false)
Oct-30 06:36:52.620 [main] DEBUG n.trace.WorkflowStatsObserver - Workflow completed > WorkflowStats[succeededCount=1; failedCount=0; ignoredCount=0; cachedCount=0; pendingCount=0; submittedCount=0; runningCount=0; retriesCount=0; abortedCount=0; succeedDuration=5ms; failedDuration=0ms; cachedDuration=0ms;loadCpus=0; loadMemory=0; peakRunning=1; peakCpus=1; peakMemory=0; ]
Oct-30 06:36:52.666 [main] DEBUG nextflow.cache.CacheDB - Closing CacheDB done
Oct-30 06:36:52.691 [main] DEBUG nextflow.util.ThreadPoolManager - Thread pool 'FileTransfer' shutdown completed (hard=false)
Oct-30 06:36:52.691 [main] DEBUG nextflow.script.ScriptRunner - > Execution complete -- Goodbye
