[bwa_index] Pack FASTA... 0.00 sec
[bwa_index] Construct BWT for the packed sequence...
[bwa_index] 0.00 seconds elapse.
[bwa_index] Update BWT... 0.00 sec
[bwa_index] Pack forward-only FASTA... 0.00 sec
[bwa_index] Construct SA from BWT and Occ... 0.00 sec
[main] Version: 0.7.17-r1188
[main] CMD: bwa index ref.fa
[main] Real time: 0.040 sec; CPU: 0.005 sec
[M::bwa_idx_load_from_disk] read 0 ALT contigs
[M::process] read 4 sequences (64 bp)...
[M::mem_pestat] # candidate unique pairs for (FF, FR, RF, RR): (0, 0, 0, 0)
[M::mem_pestat] skip orientation FF as there are not enough pairs
[M::mem_pestat] skip orientation FR as there are not enough pairs
[M::mem_pestat] skip orientation RF as there are not enough pairs
[M::mem_pestat] skip orientation RR as there are not enough pairs
[M::mem_process_seqs] Processed 4 reads in 0.002 CPU sec, 0.003 real sec
[main] Version: 0.7.17-r1188
[main] CMD: bwa mem -t 2 ref.fa demo_R1.fastq.gz demo_R2.fastq.gz
[main] Real time: 0.007 sec; CPU: 0.005 sec
